[debug] [2023-04-20T13:42:31.366Z] ----------------------------------------------------------------------
[debug] [2023-04-20T13:42:31.371Z] Command:       C:\Program Files\nodejs\node.exe C:\Users\mesaf\AppData\Roaming\npm\node_modules\firebase-tools\lib\bin\firebase.js emulators:start
[debug] [2023-04-20T13:42:31.372Z] CLI Version:   11.28.0
[debug] [2023-04-20T13:42:31.373Z] Platform:      win32
[debug] [2023-04-20T13:42:31.373Z] Node Version:  v18.14.0
[debug] [2023-04-20T13:42:31.404Z] Time:          Thu Apr 20 2023 16:42:31 GMT+0300 (East Africa Time)
[debug] [2023-04-20T13:42:31.405Z] ----------------------------------------------------------------------
[debug] 
[debug] [2023-04-20T13:42:31.416Z] >>> [apiv2][query] GET https://firebase-public.firebaseio.com/cli.json [none]
[debug] [2023-04-20T13:42:31.933Z] > command requires scopes: ["email","openid","https://www.googleapis.com/auth/cloudplatformprojects.readonly","https://www.googleapis.com/auth/firebase","https://www.googleapis.com/auth/cloud-platform"]
[debug] [2023-04-20T13:42:31.934Z] > authorizing via signed-in user (mesafintminwagaw@gmail.com)
[info] i  emulators: Starting emulators: functions, hosting {"metadata":{"emulator":{"name":"hub"},"message":"Starting emulators: functions, hosting"}}
[debug] [2023-04-20T13:42:31.964Z] [logging] Logging Emulator only supports listening on one address (127.0.0.1). Not listening on ::1
[debug] [2023-04-20T13:42:31.964Z] [hosting] Hosting Emulator only supports listening on one address (127.0.0.1). Not listening on ::1
[debug] [2023-04-20T13:42:31.965Z] assigned listening specs for emulators {"user":{"hub":[{"address":"127.0.0.1","family":"IPv4","port":4400},{"address":"::1","family":"IPv6","port":4400}],"ui":[{"address":"127.0.0.1","family":"IPv4","port":4000},{"address":"::1","family":"IPv6","port":4000}],"logging":[{"address":"127.0.0.1","family":"IPv4","port":4500}],"hosting":[{"address":"127.0.0.1","family":"IPv4","port":5000}]},"metadata":{"message":"assigned listening specs for emulators"}}
[debug] [2023-04-20T13:42:31.989Z] [hub] writing locator at C:\Users\mesaf\AppData\Local\Temp\hub-clone-da64e.json
[debug] [2023-04-20T13:42:32.043Z] [functions] Functions Emulator only supports listening on one address (127.0.0.1). Not listening on ::1
[debug] [2023-04-20T13:42:32.044Z] [eventarc] Eventarc Emulator only supports listening on one address (127.0.0.1). Not listening on ::1
[debug] [2023-04-20T13:42:32.045Z] late-assigned ports for functions and eventarc emulators {"user":{"hub":[{"address":"127.0.0.1","family":"IPv4","port":4400},{"address":"::1","family":"IPv6","port":4400}],"ui":[{"address":"127.0.0.1","family":"IPv4","port":4000},{"address":"::1","family":"IPv6","port":4000}],"logging":[{"address":"127.0.0.1","family":"IPv4","port":4500}],"hosting":[{"address":"127.0.0.1","family":"IPv4","port":5000}],"functions":[{"address":"127.0.0.1","family":"IPv4","port":5001}],"eventarc":[{"address":"127.0.0.1","family":"IPv4","port":9299}]},"metadata":{"message":"late-assigned ports for functions and eventarc emulators"}}
[warn] !  functions: The following emulators are not running, calls to these services from the Functions emulator will affect production: auth, firestore, database, pubsub, storage {"metadata":{"emulator":{"name":"functions"},"message":"The following emulators are not running, calls to these services from the Functions emulator will affect production: \u001b[1mauth, firestore, database, pubsub, storage\u001b[22m"}}
[debug] [2023-04-20T13:42:32.068Z] defaultcredentials: writing to file C:\Users\mesaf\AppData\Roaming\firebase\mesafintminwagaw_gmail_com_application_default_credentials.json
[debug] [2023-04-20T13:42:32.085Z] Setting GAC to C:\Users\mesaf\AppData\Roaming\firebase\mesafintminwagaw_gmail_com_application_default_credentials.json {"metadata":{"emulator":{"name":"functions"},"message":"Setting GAC to C:\\Users\\mesaf\\AppData\\Roaming\\firebase\\mesafintminwagaw_gmail_com_application_default_credentials.json"}}
[debug] [2023-04-20T13:42:32.086Z] > refreshing access token with scopes: []
[debug] [2023-04-20T13:42:32.089Z] >>> [apiv2][query] POST https://www.googleapis.com/oauth2/v3/token [none]
[debug] [2023-04-20T13:42:32.089Z] >>> [apiv2][body] POST https://www.googleapis.com/oauth2/v3/token [omitted]
[debug] [2023-04-20T13:42:33.614Z] <<< [apiv2][status] POST https://www.googleapis.com/oauth2/v3/token 200
[debug] [2023-04-20T13:42:33.614Z] <<< [apiv2][body] POST https://www.googleapis.com/oauth2/v3/token [omitted]
[debug] [2023-04-20T13:42:33.639Z] >>> [apiv2][query] GET https://firebase.googleapis.com/v1beta1/projects/clone-da64e/adminSdkConfig [none]
[debug] [2023-04-20T13:42:34.615Z] <<< [apiv2][status] GET https://firebase-public.firebaseio.com/cli.json 200
[debug] [2023-04-20T13:42:34.616Z] <<< [apiv2][body] GET https://firebase-public.firebaseio.com/cli.json {"cloudBuildErrorAfter":1594252800000,"cloudBuildWarnAfter":1590019200000,"defaultNode10After":1594252800000,"minVersion":"3.0.5","node8DeploysDisabledAfter":1613390400000,"node8RuntimeDisabledAfter":1615809600000,"node8WarnAfter":1600128000000}
[debug] [2023-04-20T13:42:34.689Z] <<< [apiv2][status] GET https://firebase.googleapis.com/v1beta1/projects/clone-da64e/adminSdkConfig 200
[debug] [2023-04-20T13:42:34.690Z] <<< [apiv2][body] GET https://firebase.googleapis.com/v1beta1/projects/clone-da64e/adminSdkConfig {"projectId":"clone-da64e","storageBucket":"clone-da64e.appspot.com"}
[debug] [2023-04-20T13:42:34.782Z] >>> [apiv2][query] GET https://firebasehosting.googleapis.com/v1beta1/projects/clone-da64e/sites 
[debug] [2023-04-20T13:42:38.599Z] <<< [apiv2][status] GET https://firebasehosting.googleapis.com/v1beta1/projects/clone-da64e/sites 200
[debug] [2023-04-20T13:42:38.599Z] <<< [apiv2][body] GET https://firebasehosting.googleapis.com/v1beta1/projects/clone-da64e/sites {"sites":[{"name":"projects/clone-da64e/sites/clone-da64e","defaultUrl":"https://clone-da64e.web.app","appId":"1:732245226596:web:acdc1bfe8e780a3b59db71","type":"DEFAULT_SITE"}]}
[debug] [2023-04-20T13:42:38.600Z] >>> [apiv2][query] GET https://firebase.googleapis.com/v1beta1/projects/clone-da64e/webApps/1:732245226596:web:acdc1bfe8e780a3b59db71/config [none]
[debug] [2023-04-20T13:42:40.454Z] <<< [apiv2][status] GET https://firebase.googleapis.com/v1beta1/projects/clone-da64e/webApps/1:732245226596:web:acdc1bfe8e780a3b59db71/config 200
[debug] [2023-04-20T13:42:40.455Z] <<< [apiv2][body] GET https://firebase.googleapis.com/v1beta1/projects/clone-da64e/webApps/1:732245226596:web:acdc1bfe8e780a3b59db71/config {"projectId":"clone-da64e","appId":"1:732245226596:web:acdc1bfe8e780a3b59db71","storageBucket":"clone-da64e.appspot.com","apiKey":"AIzaSyCRU8JqDc30jjf9O7Y6YIBGmoGPEtS7CTg","authDomain":"clone-da64e.firebaseapp.com","messagingSenderId":"732245226596"}
[debug] [2023-04-20T13:42:40.466Z] >>> [apiv2][query] GET https://firebase.googleapis.com/v1beta1/projects/clone-da64e [none]
[debug] [2023-04-20T13:42:42.270Z] <<< [apiv2][status] GET https://firebase.googleapis.com/v1beta1/projects/clone-da64e 200
[debug] [2023-04-20T13:42:42.271Z] <<< [apiv2][body] GET https://firebase.googleapis.com/v1beta1/projects/clone-da64e {"projectId":"clone-da64e","projectNumber":"732245226596","displayName":"Amazon-clone","name":"projects/clone-da64e","resources":{"hostingSite":"clone-da64e"},"state":"ACTIVE","etag":"1_069dee25-1031-4374-90f4-906ef24efd3e"}
[info] i  hosting[clone-da64e]: Serving hosting files from: build {"metadata":{"emulator":{"name":"hosting"},"message":"Serving hosting files from: \u001b[1mbuild\u001b[22m"}}
[info] +  hosting[clone-da64e]: Local server: http://127.0.0.1:5000 {"metadata":{"emulator":{"name":"hosting"},"message":"Local server: \u001b[4m\u001b[1mhttp://127.0.0.1:5000\u001b[22m\u001b[24m"}}
[debug] [2023-04-20T13:42:42.414Z] Ignoring unsupported arg: auto_download {"metadata":{"emulator":{"name":"ui"},"message":"Ignoring unsupported arg: auto_download"}}
[debug] [2023-04-20T13:42:42.415Z] Ignoring unsupported arg: port {"metadata":{"emulator":{"name":"ui"},"message":"Ignoring unsupported arg: port"}}
[debug] [2023-04-20T13:42:42.415Z] Starting Emulator UI with command {"binary":"node","args":["C:\\Users\\mesaf\\.cache\\firebase\\emulators\\ui-v1.11.5\\server\\server.js"],"optionalArgs":[],"joinArgs":false} {"metadata":{"emulator":{"name":"ui"},"message":"Starting Emulator UI with command {\"binary\":\"node\",\"args\":[\"C:\\\\Users\\\\mesaf\\\\.cache\\\\firebase\\\\emulators\\\\ui-v1.11.5\\\\server\\\\server.js\"],\"optionalArgs\":[],\"joinArgs\":false}"}}
[info] i  ui: Emulator UI logging to ui-debug.log {"metadata":{"emulator":{"name":"ui"},"message":"Emulator UI logging to \u001b[1mui-debug.log\u001b[22m"}}
[debug] [2023-04-20T13:42:42.805Z] Web / API server started at 127.0.0.1:4000
 {"metadata":{"emulator":{"name":"ui"},"message":"Web / API server started at 127.0.0.1:4000\n"}}
[debug] [2023-04-20T13:42:42.805Z] Web / API server started at ::1:4000
 {"metadata":{"emulator":{"name":"ui"},"message":"Web / API server started at ::1:4000\n"}}
[info] i  functions: Watching "C:\Users\mesaf\Desktop\Evangadi\Amazon.com-clone\amazon\functions" for Cloud Functions... {"metadata":{"emulator":{"name":"functions"},"message":"Watching \"C:\\Users\\mesaf\\Desktop\\Evangadi\\Amazon.com-clone\\amazon\\functions\" for Cloud Functions..."}}
[debug] [2023-04-20T13:42:42.983Z] Validating nodejs source
[debug] [2023-04-20T13:42:46.533Z] > [functions] package.json contents: {
  "name": "functions",
  "description": "Cloud Functions for Firebase",
  "scripts": {
    "lint": "eslint .",
    "serve": "firebase emulators:start --only functions",
    "shell": "firebase functions:shell",
    "start": "npm run shell",
    "deploy": "firebase deploy --only functions",
    "logs": "firebase functions:log"
  },
  "engines": {
    "node": "16"
  },
  "main": "index.js",
  "dependencies": {
    "cors": "^2.8.5",
    "express": "^4.18.2",
    "firebase-admin": "^11.5.0",
    "firebase-functions": "^4.2.0",
    "stripe": "^12.1.1"
  },
  "devDependencies": {
    "eslint": "^8.15.0",
    "eslint-config-google": "^0.14.0",
    "firebase-functions-test": "^3.0.0"
  },
  "private": true
}
[debug] [2023-04-20T13:42:46.533Z] Building nodejs source
[debug] [2023-04-20T13:42:46.534Z] Failed to find version of module node: reached end of search path C:\Users\mesaf\Desktop\Evangadi\Amazon.com-clone\amazon\functions\node_modules
[warn] !  functions: Your requested "node" version "16" doesn't match your global version "18". Using node@18 from host. 
[debug] [2023-04-20T13:42:46.539Z] Could not find functions.yaml. Must use http discovery
[debug] [2023-04-20T13:42:46.555Z] Found firebase-functions binary at 'C:\Users\mesaf\Desktop\Evangadi\Amazon.com-clone\amazon\functions\node_modules\.bin\firebase-functions'
[debug] [2023-04-20T13:42:48.333Z] Serving at port 8930

[debug] [2023-04-20T13:42:51.189Z] Got response from /__/functions.yaml {"endpoints":{"api":{"platform":"gcfv1","availableMemoryMb":null,"timeoutSeconds":null,"minInstances":null,"maxInstances":null,"ingressSettings":null,"serviceAccountEmail":null,"vpc":null,"httpsTrigger":{},"entryPoint":"api"}},"specVersion":"v1alpha1","requiredAPIs":[]}
[debug] [2023-04-20T13:42:51.213Z] shutdown requested via /__/quitquitquit

[info] +  functions: Loaded functions definitions from source: api. {"metadata":{"emulator":{"name":"functions"},"message":"Loaded functions definitions from source: api."}}
[info] +  functions[us-central1-api]: http function initialized (http://127.0.0.1:5001/clone-da64e/us-central1/api). {"metadata":{"emulator":{"name":"functions"},"message":"\u001b[1mhttp\u001b[22m function initialized (http://127.0.0.1:5001/clone-da64e/us-central1/api)."}}
[info] 
┌─────────────────────────────────────────────────────────────┐
│ ✔  All emulators ready! It is now safe to connect your app. │
│ i  View Emulator UI at http://127.0.0.1:4000/               │
└─────────────────────────────────────────────────────────────┘

┌───────────┬────────────────┬─────────────────────────────────┐
│ Emulator  │ Host:Port      │ View in Emulator UI             │
├───────────┼────────────────┼─────────────────────────────────┤
│ Functions │ 127.0.0.1:5001 │ http://127.0.0.1:4000/functions │
├───────────┼────────────────┼─────────────────────────────────┤
│ Hosting   │ 127.0.0.1:5000 │ n/a                             │
└───────────┴────────────────┴─────────────────────────────────┘
  Emulator Hub running at 127.0.0.1:4400
  Other reserved ports: 4500

Issues? Report them at https://github.com/firebase/firebase-tools/issues and attach the *-debug.log files.
 
[debug] [2023-04-20T13:44:49.499Z] [work-queue] {"queuedWork":["/clone-da64e/us-central1/api-2023-04-20T13:44:49.498Z"],"queueLength":1,"runningWork":[],"workRunningCount":0}
[debug] [2023-04-20T13:44:49.500Z] [work-queue] {"queuedWork":[],"queueLength":0,"runningWork":["/clone-da64e/us-central1/api-2023-04-20T13:44:49.498Z"],"workRunningCount":1}
[debug] [2023-04-20T13:44:49.502Z] Accepted request GET /clone-da64e/us-central1/api --> us-central1-api
[debug] [2023-04-20T13:44:49.520Z] [functions] Runtime ready! Sending request! {"metadata":{"emulator":{"name":"functions"},"message":"[functions] Runtime ready! Sending request!"}}
[debug] [2023-04-20T13:44:49.522Z] [functions] Got req.url=/clone-da64e/us-central1/api, mapping to path=/ {"metadata":{"emulator":{"name":"functions"},"message":"[functions] Got req.url=/clone-da64e/us-central1/api, mapping to path=/"}}
[debug] [2023-04-20T13:44:49.692Z] [worker-pool] addWorker(us-central1-api) {"metadata":{"emulator":{"name":"functions"},"message":"[worker-pool] addWorker(us-central1-api)"}}
[debug] [2023-04-20T13:44:49.695Z] [worker-pool] Adding worker with key us-central1-api, total=1 {"metadata":{"emulator":{"name":"functions"},"message":"[worker-pool] Adding worker with key us-central1-api, total=1"}}
[debug] [2023-04-20T13:44:53.661Z] [runtime-status] [15536] Resolved module firebase-admin {"declared":true,"installed":true,"version":"11.7.0","resolution":"C:\\Users\\mesaf\\Desktop\\Evangadi\\Amazon.com-clone\\amazon\\functions\\node_modules\\firebase-admin\\lib\\index.js"} {"metadata":{"emulator":{"name":"functions"},"function":{"name":"us-central1-api"},"extension":{},"message":"[runtime-status] [15536] Resolved module firebase-admin {\"declared\":true,\"installed\":true,\"version\":\"11.7.0\",\"resolution\":\"C:\\\\Users\\\\mesaf\\\\Desktop\\\\Evangadi\\\\Amazon.com-clone\\\\amazon\\\\functions\\\\node_modules\\\\firebase-admin\\\\lib\\\\index.js\"}"}}
[debug] [2023-04-20T13:44:53.664Z] [runtime-status] [15536] Resolved module firebase-functions {"declared":true,"installed":true,"version":"4.3.0","resolution":"C:\\Users\\mesaf\\Desktop\\Evangadi\\Amazon.com-clone\\amazon\\functions\\node_modules\\firebase-functions\\lib\\v1\\index.js"} {"metadata":{"emulator":{"name":"functions"},"function":{"name":"us-central1-api"},"extension":{},"message":"[runtime-status] [15536] Resolved module firebase-functions {\"declared\":true,\"installed\":true,\"version\":\"4.3.0\",\"resolution\":\"C:\\\\Users\\\\mesaf\\\\Desktop\\\\Evangadi\\\\Amazon.com-clone\\\\amazon\\\\functions\\\\node_modules\\\\firebase-functions\\\\lib\\\\v1\\\\index.js\"}"}}
[debug] [2023-04-20T13:44:53.666Z] [runtime-status] [15536] Outgoing network have been stubbed. [{"name":"http","status":"mocked"},{"name":"http","status":"mocked"},{"name":"https","status":"mocked"},{"name":"https","status":"mocked"},{"name":"net","status":"mocked"}] {"metadata":{"emulator":{"name":"functions"},"function":{"name":"us-central1-api"},"extension":{},"message":"[runtime-status] [15536] Outgoing network have been stubbed. [{\"name\":\"http\",\"status\":\"mocked\"},{\"name\":\"http\",\"status\":\"mocked\"},{\"name\":\"https\",\"status\":\"mocked\"},{\"name\":\"https\",\"status\":\"mocked\"},{\"name\":\"net\",\"status\":\"mocked\"}]"}}
[debug] [2023-04-20T13:44:53.669Z] [runtime-status] [15536] Resolved module firebase-functions {"declared":true,"installed":true,"version":"4.3.0","resolution":"C:\\Users\\mesaf\\Desktop\\Evangadi\\Amazon.com-clone\\amazon\\functions\\node_modules\\firebase-functions\\lib\\v1\\index.js"} {"metadata":{"emulator":{"name":"functions"},"function":{"name":"us-central1-api"},"extension":{},"message":"[runtime-status] [15536] Resolved module firebase-functions {\"declared\":true,\"installed\":true,\"version\":\"4.3.0\",\"resolution\":\"C:\\\\Users\\\\mesaf\\\\Desktop\\\\Evangadi\\\\Amazon.com-clone\\\\amazon\\\\functions\\\\node_modules\\\\firebase-functions\\\\lib\\\\v1\\\\index.js\"}"}}
[debug] [2023-04-20T13:44:54.216Z] [runtime-status] [15536] Checked functions.config() {"config":{}} {"metadata":{"emulator":{"name":"functions"},"function":{"name":"us-central1-api"},"extension":{},"message":"[runtime-status] [15536] Checked functions.config() {\"config\":{}}"}}
[debug] [2023-04-20T13:44:54.216Z] [runtime-status] [15536] firebase-functions has been stubbed. {"functionsResolution":{"declared":true,"installed":true,"version":"4.3.0","resolution":"C:\\Users\\mesaf\\Desktop\\Evangadi\\Amazon.com-clone\\amazon\\functions\\node_modules\\firebase-functions\\lib\\v1\\index.js"}} {"metadata":{"emulator":{"name":"functions"},"function":{"name":"us-central1-api"},"extension":{},"message":"[runtime-status] [15536] firebase-functions has been stubbed. {\"functionsResolution\":{\"declared\":true,\"installed\":true,\"version\":\"4.3.0\",\"resolution\":\"C:\\\\Users\\\\mesaf\\\\Desktop\\\\Evangadi\\\\Amazon.com-clone\\\\amazon\\\\functions\\\\node_modules\\\\firebase-functions\\\\lib\\\\v1\\\\index.js\"}}"}}
[debug] [2023-04-20T13:44:54.218Z] [runtime-status] [15536] Resolved module firebase-functions {"declared":true,"installed":true,"version":"4.3.0","resolution":"C:\\Users\\mesaf\\Desktop\\Evangadi\\Amazon.com-clone\\amazon\\functions\\node_modules\\firebase-functions\\lib\\v1\\index.js"} {"metadata":{"emulator":{"name":"functions"},"function":{"name":"us-central1-api"},"extension":{},"message":"[runtime-status] [15536] Resolved module firebase-functions {\"declared\":true,\"installed\":true,\"version\":\"4.3.0\",\"resolution\":\"C:\\\\Users\\\\mesaf\\\\Desktop\\\\Evangadi\\\\Amazon.com-clone\\\\amazon\\\\functions\\\\node_modules\\\\firebase-functions\\\\lib\\\\v1\\\\index.js\"}"}}
[debug] [2023-04-20T13:44:54.222Z] [runtime-status] [15536] Resolved module firebase-admin {"declared":true,"installed":true,"version":"11.7.0","resolution":"C:\\Users\\mesaf\\Desktop\\Evangadi\\Amazon.com-clone\\amazon\\functions\\node_modules\\firebase-admin\\lib\\index.js"} {"metadata":{"emulator":{"name":"functions"},"function":{"name":"us-central1-api"},"extension":{},"message":"[runtime-status] [15536] Resolved module firebase-admin {\"declared\":true,\"installed\":true,\"version\":\"11.7.0\",\"resolution\":\"C:\\\\Users\\\\mesaf\\\\Desktop\\\\Evangadi\\\\Amazon.com-clone\\\\amazon\\\\functions\\\\node_modules\\\\firebase-admin\\\\lib\\\\index.js\"}"}}
[debug] [2023-04-20T13:44:54.248Z] [runtime-status] [15536] Resolved module firebase-functions {"declared":true,"installed":true,"version":"4.3.0","resolution":"C:\\Users\\mesaf\\Desktop\\Evangadi\\Amazon.com-clone\\amazon\\functions\\node_modules\\firebase-functions\\lib\\v1\\index.js"} {"metadata":{"emulator":{"name":"functions"},"function":{"name":"us-central1-api"},"extension":{},"message":"[runtime-status] [15536] Resolved module firebase-functions {\"declared\":true,\"installed\":true,\"version\":\"4.3.0\",\"resolution\":\"C:\\\\Users\\\\mesaf\\\\Desktop\\\\Evangadi\\\\Amazon.com-clone\\\\amazon\\\\functions\\\\node_modules\\\\firebase-functions\\\\lib\\\\v1\\\\index.js\"}"}}
[debug] [2023-04-20T13:44:54.249Z] [runtime-status] [15536] firebase-admin has been stubbed. {"adminResolution":{"declared":true,"installed":true,"version":"11.7.0","resolution":"C:\\Users\\mesaf\\Desktop\\Evangadi\\Amazon.com-clone\\amazon\\functions\\node_modules\\firebase-admin\\lib\\index.js"}} {"metadata":{"emulator":{"name":"functions"},"function":{"name":"us-central1-api"},"extension":{},"message":"[runtime-status] [15536] firebase-admin has been stubbed. {\"adminResolution\":{\"declared\":true,\"installed\":true,\"version\":\"11.7.0\",\"resolution\":\"C:\\\\Users\\\\mesaf\\\\Desktop\\\\Evangadi\\\\Amazon.com-clone\\\\amazon\\\\functions\\\\node_modules\\\\firebase-admin\\\\lib\\\\index.js\"}}"}}
[debug] [2023-04-20T13:44:54.672Z] [runtime-status] [15536] Functions runtime initialized. {"cwd":"C:\\Users\\mesaf\\Desktop\\Evangadi\\Amazon.com-clone\\amazon\\functions","node_version":"18.14.0"} {"metadata":{"emulator":{"name":"functions"},"function":{"name":"us-central1-api"},"extension":{},"message":"[runtime-status] [15536] Functions runtime initialized. {\"cwd\":\"C:\\\\Users\\\\mesaf\\\\Desktop\\\\Evangadi\\\\Amazon.com-clone\\\\amazon\\\\functions\",\"node_version\":\"18.14.0\"}"}}
[debug] [2023-04-20T13:44:54.672Z] [runtime-status] [15536] Listening to port: \\?\pipe\fire_emu_2d932ac96106d531 {"metadata":{"emulator":{"name":"functions"},"function":{"name":"us-central1-api"},"extension":{},"message":"[runtime-status] [15536] Listening to port: \\\\?\\pipe\\fire_emu_2d932ac96106d531"}}
[debug] [2023-04-20T13:44:54.758Z] [worker-us-central1-api-0c0af8b8-ad32-4422-a3eb-ac5840beea39]: IDLE {"metadata":{"emulator":{"name":"functions"},"function":{"name":"us-central1-api"},"extension":{},"message":"[worker-us-central1-api-0c0af8b8-ad32-4422-a3eb-ac5840beea39]: IDLE"}}
[debug] [2023-04-20T13:44:54.758Z] [worker-pool] submitRequest(triggerId=us-central1-api) {"metadata":{"emulator":{"name":"functions"},"message":"[worker-pool] submitRequest(triggerId=us-central1-api)"}}
[info] i  functions: Beginning execution of "us-central1-api" {"metadata":{"emulator":{"name":"functions"},"function":{"name":"us-central1-api"},"extension":{},"message":"Beginning execution of \"us-central1-api\""}}
[debug] [2023-04-20T13:44:54.760Z] [worker-us-central1-api-0c0af8b8-ad32-4422-a3eb-ac5840beea39]: BUSY {"metadata":{"emulator":{"name":"functions"},"function":{"name":"us-central1-api"},"extension":{},"message":"[worker-us-central1-api-0c0af8b8-ad32-4422-a3eb-ac5840beea39]: BUSY"}}
[info] i  functions: Finished "us-central1-api" in 16.8203ms {"metadata":{"emulator":{"name":"functions"},"function":{"name":"us-central1-api"},"extension":{},"message":"Finished \"us-central1-api\" in 16.8203ms"}}
[debug] [2023-04-20T13:44:54.778Z] [worker-us-central1-api-0c0af8b8-ad32-4422-a3eb-ac5840beea39]: IDLE {"metadata":{"emulator":{"name":"functions"},"function":{"name":"us-central1-api"},"extension":{},"message":"[worker-us-central1-api-0c0af8b8-ad32-4422-a3eb-ac5840beea39]: IDLE"}}
[debug] [2023-04-20T13:44:54.778Z] [work-queue] {"queuedWork":[],"queueLength":0,"runningWork":[],"workRunningCount":0}
[debug] [2023-04-20T13:45:14.938Z] [work-queue] {"queuedWork":["/clone-da64e/us-central1/api/payments/create-2023-04-20T13:45:14.938Z"],"queueLength":1,"runningWork":[],"workRunningCount":0}
[debug] [2023-04-20T13:45:14.939Z] [work-queue] {"queuedWork":[],"queueLength":0,"runningWork":["/clone-da64e/us-central1/api/payments/create-2023-04-20T13:45:14.938Z"],"workRunningCount":1}
[debug] [2023-04-20T13:45:14.939Z] Accepted request POST /clone-da64e/us-central1/api/payments/create?total=82900 --> us-central1-api
[debug] [2023-04-20T13:45:14.952Z] [functions] Runtime ready! Sending request! {"metadata":{"emulator":{"name":"functions"},"message":"[functions] Runtime ready! Sending request!"}}
[debug] [2023-04-20T13:45:14.953Z] [functions] Got req.url=/clone-da64e/us-central1/api/payments/create?total=82900, mapping to path=/payments/create?total=82900 {"metadata":{"emulator":{"name":"functions"},"message":"[functions] Got req.url=/clone-da64e/us-central1/api/payments/create?total=82900, mapping to path=/payments/create?total=82900"}}
[debug] [2023-04-20T13:45:14.953Z] [worker-pool] submitRequest(triggerId=us-central1-api) {"metadata":{"emulator":{"name":"functions"},"message":"[worker-pool] submitRequest(triggerId=us-central1-api)"}}
[info] i  functions: Beginning execution of "us-central1-api" {"metadata":{"emulator":{"name":"functions"},"function":{"name":"us-central1-api"},"extension":{},"message":"Beginning execution of \"us-central1-api\""}}
[debug] [2023-04-20T13:45:14.955Z] [worker-us-central1-api-0c0af8b8-ad32-4422-a3eb-ac5840beea39]: BUSY {"metadata":{"emulator":{"name":"functions"},"function":{"name":"us-central1-api"},"extension":{},"message":"[worker-us-central1-api-0c0af8b8-ad32-4422-a3eb-ac5840beea39]: BUSY"}}
[debug] [2023-04-20T13:45:14.960Z] [work-queue] {"queuedWork":["/clone-da64e/us-central1/api/payments/create-2023-04-20T13:45:14.960Z"],"queueLength":1,"runningWork":["/clone-da64e/us-central1/api/payments/create-2023-04-20T13:45:14.938Z"],"workRunningCount":1}
[debug] [2023-04-20T13:45:14.961Z] [work-queue] {"queuedWork":[],"queueLength":0,"runningWork":["/clone-da64e/us-central1/api/payments/create-2023-04-20T13:45:14.938Z","/clone-da64e/us-central1/api/payments/create-2023-04-20T13:45:14.960Z"],"workRunningCount":2}
[debug] [2023-04-20T13:45:14.961Z] Accepted request POST /clone-da64e/us-central1/api/payments/create?total=82900 --> us-central1-api
[debug] [2023-04-20T13:45:14.973Z] [functions] Runtime ready! Sending request! {"metadata":{"emulator":{"name":"functions"},"message":"[functions] Runtime ready! Sending request!"}}
[debug] [2023-04-20T13:45:14.974Z] [functions] Got req.url=/clone-da64e/us-central1/api/payments/create?total=82900, mapping to path=/payments/create?total=82900 {"metadata":{"emulator":{"name":"functions"},"message":"[functions] Got req.url=/clone-da64e/us-central1/api/payments/create?total=82900, mapping to path=/payments/create?total=82900"}}
[debug] [2023-04-20T13:45:14.997Z] [worker-pool] addWorker(us-central1-api) {"metadata":{"emulator":{"name":"functions"},"message":"[worker-pool] addWorker(us-central1-api)"}}
[debug] [2023-04-20T13:45:14.998Z] [worker-pool] Adding worker with key us-central1-api, total=2 {"metadata":{"emulator":{"name":"functions"},"message":"[worker-pool] Adding worker with key us-central1-api, total=2"}}
[info] >  Payment Request Recieved for this amount >>>  82900 {"user":"Payment Request Recieved for this amount >>>  82900","metadata":{"emulator":{"name":"functions"},"function":{"name":"us-central1-api"},"extension":{},"message":"\u001b[90m> \u001b[39m Payment Request Recieved for this amount >>>  82900"}}
[info] i  functions: Finished "us-central1-api" in 1166.8905ms {"metadata":{"emulator":{"name":"functions"},"function":{"name":"us-central1-api"},"extension":{},"message":"Finished \"us-central1-api\" in 1166.8905ms"}}
[debug] [2023-04-20T13:45:16.123Z] [worker-us-central1-api-0c0af8b8-ad32-4422-a3eb-ac5840beea39]: IDLE {"metadata":{"emulator":{"name":"functions"},"function":{"name":"us-central1-api"},"extension":{},"message":"[worker-us-central1-api-0c0af8b8-ad32-4422-a3eb-ac5840beea39]: IDLE"}}
[debug] [2023-04-20T13:45:16.124Z] [work-queue] {"queuedWork":[],"queueLength":0,"runningWork":["/clone-da64e/us-central1/api/payments/create-2023-04-20T13:45:14.960Z"],"workRunningCount":1}
[debug] [2023-04-20T13:45:18.330Z] [runtime-status] [7912] Resolved module firebase-admin {"declared":true,"installed":true,"version":"11.7.0","resolution":"C:\\Users\\mesaf\\Desktop\\Evangadi\\Amazon.com-clone\\amazon\\functions\\node_modules\\firebase-admin\\lib\\index.js"} {"metadata":{"emulator":{"name":"functions"},"function":{"name":"us-central1-api"},"extension":{},"message":"[runtime-status] [7912] Resolved module firebase-admin {\"declared\":true,\"installed\":true,\"version\":\"11.7.0\",\"resolution\":\"C:\\\\Users\\\\mesaf\\\\Desktop\\\\Evangadi\\\\Amazon.com-clone\\\\amazon\\\\functions\\\\node_modules\\\\firebase-admin\\\\lib\\\\index.js\"}"}}
[debug] [2023-04-20T13:45:18.334Z] [runtime-status] [7912] Resolved module firebase-functions {"declared":true,"installed":true,"version":"4.3.0","resolution":"C:\\Users\\mesaf\\Desktop\\Evangadi\\Amazon.com-clone\\amazon\\functions\\node_modules\\firebase-functions\\lib\\v1\\index.js"} {"metadata":{"emulator":{"name":"functions"},"function":{"name":"us-central1-api"},"extension":{},"message":"[runtime-status] [7912] Resolved module firebase-functions {\"declared\":true,\"installed\":true,\"version\":\"4.3.0\",\"resolution\":\"C:\\\\Users\\\\mesaf\\\\Desktop\\\\Evangadi\\\\Amazon.com-clone\\\\amazon\\\\functions\\\\node_modules\\\\firebase-functions\\\\lib\\\\v1\\\\index.js\"}"}}
[debug] [2023-04-20T13:45:18.335Z] [runtime-status] [7912] Outgoing network have been stubbed. [{"name":"http","status":"mocked"},{"name":"http","status":"mocked"},{"name":"https","status":"mocked"},{"name":"https","status":"mocked"},{"name":"net","status":"mocked"}] {"metadata":{"emulator":{"name":"functions"},"function":{"name":"us-central1-api"},"extension":{},"message":"[runtime-status] [7912] Outgoing network have been stubbed. [{\"name\":\"http\",\"status\":\"mocked\"},{\"name\":\"http\",\"status\":\"mocked\"},{\"name\":\"https\",\"status\":\"mocked\"},{\"name\":\"https\",\"status\":\"mocked\"},{\"name\":\"net\",\"status\":\"mocked\"}]"}}
[debug] [2023-04-20T13:45:18.337Z] [runtime-status] [7912] Resolved module firebase-functions {"declared":true,"installed":true,"version":"4.3.0","resolution":"C:\\Users\\mesaf\\Desktop\\Evangadi\\Amazon.com-clone\\amazon\\functions\\node_modules\\firebase-functions\\lib\\v1\\index.js"} {"metadata":{"emulator":{"name":"functions"},"function":{"name":"us-central1-api"},"extension":{},"message":"[runtime-status] [7912] Resolved module firebase-functions {\"declared\":true,\"installed\":true,\"version\":\"4.3.0\",\"resolution\":\"C:\\\\Users\\\\mesaf\\\\Desktop\\\\Evangadi\\\\Amazon.com-clone\\\\amazon\\\\functions\\\\node_modules\\\\firebase-functions\\\\lib\\\\v1\\\\index.js\"}"}}
[debug] [2023-04-20T13:45:19.004Z] [runtime-status] [7912] Checked functions.config() {"config":{}} {"metadata":{"emulator":{"name":"functions"},"function":{"name":"us-central1-api"},"extension":{},"message":"[runtime-status] [7912] Checked functions.config() {\"config\":{}}"}}
[debug] [2023-04-20T13:45:19.004Z] [runtime-status] [7912] firebase-functions has been stubbed. {"functionsResolution":{"declared":true,"installed":true,"version":"4.3.0","resolution":"C:\\Users\\mesaf\\Desktop\\Evangadi\\Amazon.com-clone\\amazon\\functions\\node_modules\\firebase-functions\\lib\\v1\\index.js"}} {"metadata":{"emulator":{"name":"functions"},"function":{"name":"us-central1-api"},"extension":{},"message":"[runtime-status] [7912] firebase-functions has been stubbed. {\"functionsResolution\":{\"declared\":true,\"installed\":true,\"version\":\"4.3.0\",\"resolution\":\"C:\\\\Users\\\\mesaf\\\\Desktop\\\\Evangadi\\\\Amazon.com-clone\\\\amazon\\\\functions\\\\node_modules\\\\firebase-functions\\\\lib\\\\v1\\\\index.js\"}}"}}
[debug] [2023-04-20T13:45:19.006Z] [runtime-status] [7912] Resolved module firebase-functions {"declared":true,"installed":true,"version":"4.3.0","resolution":"C:\\Users\\mesaf\\Desktop\\Evangadi\\Amazon.com-clone\\amazon\\functions\\node_modules\\firebase-functions\\lib\\v1\\index.js"} {"metadata":{"emulator":{"name":"functions"},"function":{"name":"us-central1-api"},"extension":{},"message":"[runtime-status] [7912] Resolved module firebase-functions {\"declared\":true,\"installed\":true,\"version\":\"4.3.0\",\"resolution\":\"C:\\\\Users\\\\mesaf\\\\Desktop\\\\Evangadi\\\\Amazon.com-clone\\\\amazon\\\\functions\\\\node_modules\\\\firebase-functions\\\\lib\\\\v1\\\\index.js\"}"}}
[debug] [2023-04-20T13:45:19.008Z] [runtime-status] [7912] Resolved module firebase-admin {"declared":true,"installed":true,"version":"11.7.0","resolution":"C:\\Users\\mesaf\\Desktop\\Evangadi\\Amazon.com-clone\\amazon\\functions\\node_modules\\firebase-admin\\lib\\index.js"} {"metadata":{"emulator":{"name":"functions"},"function":{"name":"us-central1-api"},"extension":{},"message":"[runtime-status] [7912] Resolved module firebase-admin {\"declared\":true,\"installed\":true,\"version\":\"11.7.0\",\"resolution\":\"C:\\\\Users\\\\mesaf\\\\Desktop\\\\Evangadi\\\\Amazon.com-clone\\\\amazon\\\\functions\\\\node_modules\\\\firebase-admin\\\\lib\\\\index.js\"}"}}
[debug] [2023-04-20T13:45:19.013Z] [runtime-status] [7912] Resolved module firebase-functions {"declared":true,"installed":true,"version":"4.3.0","resolution":"C:\\Users\\mesaf\\Desktop\\Evangadi\\Amazon.com-clone\\amazon\\functions\\node_modules\\firebase-functions\\lib\\v1\\index.js"} {"metadata":{"emulator":{"name":"functions"},"function":{"name":"us-central1-api"},"extension":{},"message":"[runtime-status] [7912] Resolved module firebase-functions {\"declared\":true,\"installed\":true,\"version\":\"4.3.0\",\"resolution\":\"C:\\\\Users\\\\mesaf\\\\Desktop\\\\Evangadi\\\\Amazon.com-clone\\\\amazon\\\\functions\\\\node_modules\\\\firebase-functions\\\\lib\\\\v1\\\\index.js\"}"}}
[debug] [2023-04-20T13:45:19.014Z] [runtime-status] [7912] firebase-admin has been stubbed. {"adminResolution":{"declared":true,"installed":true,"version":"11.7.0","resolution":"C:\\Users\\mesaf\\Desktop\\Evangadi\\Amazon.com-clone\\amazon\\functions\\node_modules\\firebase-admin\\lib\\index.js"}} {"metadata":{"emulator":{"name":"functions"},"function":{"name":"us-central1-api"},"extension":{},"message":"[runtime-status] [7912] firebase-admin has been stubbed. {\"adminResolution\":{\"declared\":true,\"installed\":true,\"version\":\"11.7.0\",\"resolution\":\"C:\\\\Users\\\\mesaf\\\\Desktop\\\\Evangadi\\\\Amazon.com-clone\\\\amazon\\\\functions\\\\node_modules\\\\firebase-admin\\\\lib\\\\index.js\"}}"}}
[debug] [2023-04-20T13:45:19.385Z] [runtime-status] [7912] Functions runtime initialized. {"cwd":"C:\\Users\\mesaf\\Desktop\\Evangadi\\Amazon.com-clone\\amazon\\functions","node_version":"18.14.0"} {"metadata":{"emulator":{"name":"functions"},"function":{"name":"us-central1-api"},"extension":{},"message":"[runtime-status] [7912] Functions runtime initialized. {\"cwd\":\"C:\\\\Users\\\\mesaf\\\\Desktop\\\\Evangadi\\\\Amazon.com-clone\\\\amazon\\\\functions\",\"node_version\":\"18.14.0\"}"}}
[debug] [2023-04-20T13:45:19.385Z] [runtime-status] [7912] Listening to port: \\?\pipe\fire_emu_67e51947f8a8b1ec {"metadata":{"emulator":{"name":"functions"},"function":{"name":"us-central1-api"},"extension":{},"message":"[runtime-status] [7912] Listening to port: \\\\?\\pipe\\fire_emu_67e51947f8a8b1ec"}}
[debug] [2023-04-20T13:45:19.453Z] [worker-us-central1-api-513bc6b2-6326-4a28-8022-fe0267af4d73]: IDLE {"metadata":{"emulator":{"name":"functions"},"function":{"name":"us-central1-api"},"extension":{},"message":"[worker-us-central1-api-513bc6b2-6326-4a28-8022-fe0267af4d73]: IDLE"}}
[debug] [2023-04-20T13:45:19.454Z] [worker-pool] submitRequest(triggerId=us-central1-api) {"metadata":{"emulator":{"name":"functions"},"message":"[worker-pool] submitRequest(triggerId=us-central1-api)"}}
[info] i  functions: Beginning execution of "us-central1-api" {"metadata":{"emulator":{"name":"functions"},"function":{"name":"us-central1-api"},"extension":{},"message":"Beginning execution of \"us-central1-api\""}}
[debug] [2023-04-20T13:45:19.455Z] [worker-us-central1-api-0c0af8b8-ad32-4422-a3eb-ac5840beea39]: BUSY {"metadata":{"emulator":{"name":"functions"},"function":{"name":"us-central1-api"},"extension":{},"message":"[worker-us-central1-api-0c0af8b8-ad32-4422-a3eb-ac5840beea39]: BUSY"}}
[info] >  Payment Request Recieved for this amount >>>  82900 {"user":"Payment Request Recieved for this amount >>>  82900","metadata":{"emulator":{"name":"functions"},"function":{"name":"us-central1-api"},"extension":{},"message":"\u001b[90m> \u001b[39m Payment Request Recieved for this amount >>>  82900"}}
[info] i  functions: Finished "us-central1-api" in 407.3209ms {"metadata":{"emulator":{"name":"functions"},"function":{"name":"us-central1-api"},"extension":{},"message":"Finished \"us-central1-api\" in 407.3209ms"}}
[debug] [2023-04-20T13:45:19.864Z] [worker-us-central1-api-0c0af8b8-ad32-4422-a3eb-ac5840beea39]: IDLE {"metadata":{"emulator":{"name":"functions"},"function":{"name":"us-central1-api"},"extension":{},"message":"[worker-us-central1-api-0c0af8b8-ad32-4422-a3eb-ac5840beea39]: IDLE"}}
[debug] [2023-04-20T13:45:19.864Z] [work-queue] {"queuedWork":[],"queueLength":0,"runningWork":[],"workRunningCount":0}
